c:\users\home\documents\카카오톡 받은 파일\hw3_201501438(박지현)\hw3_201501438(박지현)\debug\vc141.pdb
c:\users\home\documents\카카오톡 받은 파일\hw3_201501438(박지현)\hw3_201501438(박지현)\debug\vc141.idb
c:\users\home\documents\카카오톡 받은 파일\hw3_201501438(박지현)\hw3_201501438(박지현)\debug\sound.obj
c:\users\home\documents\카카오톡 받은 파일\hw3_201501438(박지현)\hw3_201501438(박지현)\debug\basecode.obj
c:\users\home\documents\카카오톡 받은 파일\hw3_201501438(박지현)\hw3_201501438(박지현)\debug\hw3.obj
c:\users\home\documents\카카오톡 받은 파일\hw3_201501438(박지현)\hw3_201501438(박지현)\debug\deviceindependent.obj
c:\users\home\documents\카카오톡 받은 파일\hw3_201501438(박지현)\hw3_201501438(박지현)\debug\bitmapandbrush.obj
c:\users\home\documents\카카오톡 받은 파일\hw3_201501438(박지현)\hw3_201501438(박지현)\debug\soundmanager.obj
c:\users\home\documents\카카오톡 받은 파일\hw3_201501438(박지현)\hw3_201501438(박지현)\debug\hw3.exe
c:\users\home\documents\카카오톡 받은 파일\hw3_201501438(박지현)\hw3_201501438(박지현)\debug\hw3.ilk
c:\users\home\documents\카카오톡 받은 파일\hw3_201501438(박지현)\hw3_201501438(박지현)\debug\hw3.pdb
c:\users\home\documents\카카오톡 받은 파일\hw3_201501438(박지현)\hw3_201501438(박지현)\debug\hw3.res
c:\users\home\documents\카카오톡 받은 파일\hw3_201501438(박지현)\hw3_201501438(박지현)\debug\hw3.tlog\cl.command.1.tlog
c:\users\home\documents\카카오톡 받은 파일\hw3_201501438(박지현)\hw3_201501438(박지현)\debug\hw3.tlog\cl.read.1.tlog
c:\users\home\documents\카카오톡 받은 파일\hw3_201501438(박지현)\hw3_201501438(박지현)\debug\hw3.tlog\cl.write.1.tlog
c:\users\home\documents\카카오톡 받은 파일\hw3_201501438(박지현)\hw3_201501438(박지현)\debug\hw3.tlog\link.command.1.tlog
c:\users\home\documents\카카오톡 받은 파일\hw3_201501438(박지현)\hw3_201501438(박지현)\debug\hw3.tlog\link.read.1.tlog
c:\users\home\documents\카카오톡 받은 파일\hw3_201501438(박지현)\hw3_201501438(박지현)\debug\hw3.tlog\link.write.1.tlog
c:\users\home\documents\카카오톡 받은 파일\hw3_201501438(박지현)\hw3_201501438(박지현)\debug\hw3.tlog\rc.command.1.tlog
c:\users\home\documents\카카오톡 받은 파일\hw3_201501438(박지현)\hw3_201501438(박지현)\debug\hw3.tlog\rc.read.1.tlog
c:\users\home\documents\카카오톡 받은 파일\hw3_201501438(박지현)\hw3_201501438(박지현)\debug\hw3.tlog\rc.write.1.tlog
